Determining if the pthread_create exist failed with the following output:
Change Dir: /home/sergiogq/hector_quadrotor_tutorial/build/CMakeFiles/CMakeTmp

Run Build Command:/usr/bin/make "cmTryCompileExec324084605/fast"
/usr/bin/make -f CMakeFiles/cmTryCompileExec324084605.dir/build.make CMakeFiles/cmTryCompileExec324084605.dir/build
make[1]: Entering directory `/home/sergiogq/hector_quadrotor_tutorial/build/CMakeFiles/CMakeTmp'
/usr/bin/cmake -E cmake_progress_report /home/sergiogq/hector_quadrotor_tutorial/build/CMakeFiles/CMakeTmp/CMakeFiles 1
Building C object CMakeFiles/cmTryCompileExec324084605.dir/CheckSymbolExists.c.o
/usr/bin/cc    -o CMakeFiles/cmTryCompileExec324084605.dir/CheckSymbolExists.c.o   -c /home/sergiogq/hector_quadrotor_tutorial/build/CMakeFiles/CMakeTmp/CheckSymbolExists.c
Linking C executable cmTryCompileExec324084605
/usr/bin/cmake -E cmake_link_script CMakeFiles/cmTryCompileExec324084605.dir/link.txt --verbose=1
/usr/bin/cc       CMakeFiles/cmTryCompileExec324084605.dir/CheckSymbolExists.c.o  -o cmTryCompileExec324084605 -rdynamic 
CMakeFiles/cmTryCompileExec324084605.dir/CheckSymbolExists.c.o: In function `main':
CheckSymbolExists.c:(.text+0x16): undefined reference to `pthread_create'
make[1]: Leaving directory `/home/sergiogq/hector_quadrotor_tutorial/build/CMakeFiles/CMakeTmp'
collect2: error: ld returned 1 exit status
make[1]: *** [cmTryCompileExec324084605] Error 1
make: *** [cmTryCompileExec324084605/fast] Error 2

File /home/sergiogq/hector_quadrotor_tutorial/build/CMakeFiles/CMakeTmp/CheckSymbolExists.c:
/* */
#include <pthread.h>

int main(int argc, char** argv)
{
  (void)argv;
#ifndef pthread_create
  return ((int*)(&pthread_create))[argc];
#else
  (void)argc;
  return 0;
#endif
}

Determining if the function pthread_create exists in the pthreads failed with the following output:
Change Dir: /home/sergiogq/hector_quadrotor_tutorial/build/CMakeFiles/CMakeTmp

Run Build Command:/usr/bin/make "cmTryCompileExec552702021/fast"
/usr/bin/make -f CMakeFiles/cmTryCompileExec552702021.dir/build.make CMakeFiles/cmTryCompileExec552702021.dir/build
make[1]: Entering directory `/home/sergiogq/hector_quadrotor_tutorial/build/CMakeFiles/CMakeTmp'
/usr/bin/cmake -E cmake_progress_report /home/sergiogq/hector_quadrotor_tutorial/build/CMakeFiles/CMakeTmp/CMakeFiles 1
Building C object CMakeFiles/cmTryCompileExec552702021.dir/CheckFunctionExists.c.o
/usr/bin/cc   -DCHECK_FUNCTION_EXISTS=pthread_create   -o CMakeFiles/cmTryCompileExec552702021.dir/CheckFunctionExists.c.o   -c /usr/share/cmake-2.8/Modules/CheckFunctionExists.c
Linking C executable cmTryCompileExec552702021
/usr/bin/cmake -E cmake_link_script CMakeFiles/cmTryCompileExec552702021.dir/link.txt --verbose=1
/usr/bin/cc   -DCHECK_FUNCTION_EXISTS=pthread_create    CMakeFiles/cmTryCompileExec552702021.dir/CheckFunctionExists.c.o  -o cmTryCompileExec552702021 -rdynamic -lpthreads 
/usr/bin/ld: cannot find -lpthreads
make[1]: Leaving directory `/home/sergiogq/hector_quadrotor_tutorial/build/CMakeFiles/CMakeTmp'
collect2: error: ld returned 1 exit status
make[1]: *** [cmTryCompileExec552702021] Error 1
make: *** [cmTryCompileExec552702021/fast] Error 2


Determining if the Q_WS_WIN exist failed with the following output:
Change Dir: /home/sergiogq/hector_quadrotor_tutorial/build/CMakeFiles/CMakeTmp

Run Build Command:/usr/bin/make "cmTryCompileExec163393809/fast"
/usr/bin/make -f CMakeFiles/cmTryCompileExec163393809.dir/build.make CMakeFiles/cmTryCompileExec163393809.dir/build
make[1]: Entering directory `/home/sergiogq/hector_quadrotor_tutorial/build/CMakeFiles/CMakeTmp'
/usr/bin/cmake -E cmake_progress_report /home/sergiogq/hector_quadrotor_tutorial/build/CMakeFiles/CMakeTmp/CMakeFiles 1
Building CXX object CMakeFiles/cmTryCompileExec163393809.dir/CheckSymbolExists.cxx.o
/usr/bin/c++    -I/usr/include/qt4    -o CMakeFiles/cmTryCompileExec163393809.dir/CheckSymbolExists.cxx.o -c /home/sergiogq/hector_quadrotor_tutorial/build/CMakeFiles/CMakeTmp/CheckSymbolExists.cxx
/home/sergiogq/hector_quadrotor_tutorial/build/CMakeFiles/CMakeTmp/CheckSymbolExists.cxx: In function ‘int main(int, char**)’:
/home/sergiogq/hector_quadrotor_tutorial/build/CMakeFiles/CMakeTmp/CheckSymbolExists.cxx:8:19: error: ‘Q_WS_WIN’ was not declared in this scope
   return ((int*)(&Q_WS_WIN))[argc];
                   ^
make[1]: Leaving directory `/home/sergiogq/hector_quadrotor_tutorial/build/CMakeFiles/CMakeTmp'
make[1]: *** [CMakeFiles/cmTryCompileExec163393809.dir/CheckSymbolExists.cxx.o] Error 1
make: *** [cmTryCompileExec163393809/fast] Error 2

File /home/sergiogq/hector_quadrotor_tutorial/build/CMakeFiles/CMakeTmp/CheckSymbolExists.cxx:
/* */
#include <QtCore/qglobal.h>

int main(int argc, char** argv)
{
  (void)argv;
#ifndef Q_WS_WIN
  return ((int*)(&Q_WS_WIN))[argc];
#else
  (void)argc;
  return 0;
#endif
}

Determining if the Q_WS_QWS exist failed with the following output:
Change Dir: /home/sergiogq/hector_quadrotor_tutorial/build/CMakeFiles/CMakeTmp

Run Build Command:/usr/bin/make "cmTryCompileExec3528465868/fast"
/usr/bin/make -f CMakeFiles/cmTryCompileExec3528465868.dir/build.make CMakeFiles/cmTryCompileExec3528465868.dir/build
make[1]: Entering directory `/home/sergiogq/hector_quadrotor_tutorial/build/CMakeFiles/CMakeTmp'
/usr/bin/cmake -E cmake_progress_report /home/sergiogq/hector_quadrotor_tutorial/build/CMakeFiles/CMakeTmp/CMakeFiles 1
Building CXX object CMakeFiles/cmTryCompileExec3528465868.dir/CheckSymbolExists.cxx.o
/usr/bin/c++    -I/usr/include/qt4    -o CMakeFiles/cmTryCompileExec3528465868.dir/CheckSymbolExists.cxx.o -c /home/sergiogq/hector_quadrotor_tutorial/build/CMakeFiles/CMakeTmp/CheckSymbolExists.cxx
/home/sergiogq/hector_quadrotor_tutorial/build/CMakeFiles/CMakeTmp/CheckSymbolExists.cxx: In function ‘int main(int, char**)’:
/home/sergiogq/hector_quadrotor_tutorial/build/CMakeFiles/CMakeTmp/CheckSymbolExists.cxx:8:19: error: ‘Q_WS_QWS’ was not declared in this scope
   return ((int*)(&Q_WS_QWS))[argc];
                   ^
make[1]: Leaving directory `/home/sergiogq/hector_quadrotor_tutorial/build/CMakeFiles/CMakeTmp'
make[1]: *** [CMakeFiles/cmTryCompileExec3528465868.dir/CheckSymbolExists.cxx.o] Error 1
make: *** [cmTryCompileExec3528465868/fast] Error 2

File /home/sergiogq/hector_quadrotor_tutorial/build/CMakeFiles/CMakeTmp/CheckSymbolExists.cxx:
/* */
#include <QtCore/qglobal.h>

int main(int argc, char** argv)
{
  (void)argv;
#ifndef Q_WS_QWS
  return ((int*)(&Q_WS_QWS))[argc];
#else
  (void)argc;
  return 0;
#endif
}

Determining if the Q_WS_MAC exist failed with the following output:
Change Dir: /home/sergiogq/hector_quadrotor_tutorial/build/CMakeFiles/CMakeTmp

Run Build Command:/usr/bin/make "cmTryCompileExec4092404813/fast"
/usr/bin/make -f CMakeFiles/cmTryCompileExec4092404813.dir/build.make CMakeFiles/cmTryCompileExec4092404813.dir/build
make[1]: Entering directory `/home/sergiogq/hector_quadrotor_tutorial/build/CMakeFiles/CMakeTmp'
/usr/bin/cmake -E cmake_progress_report /home/sergiogq/hector_quadrotor_tutorial/build/CMakeFiles/CMakeTmp/CMakeFiles 1
Building CXX object CMakeFiles/cmTryCompileExec4092404813.dir/CheckSymbolExists.cxx.o
/usr/bin/c++    -I/usr/include/qt4    -o CMakeFiles/cmTryCompileExec4092404813.dir/CheckSymbolExists.cxx.o -c /home/sergiogq/hector_quadrotor_tutorial/build/CMakeFiles/CMakeTmp/CheckSymbolExists.cxx
/home/sergiogq/hector_quadrotor_tutorial/build/CMakeFiles/CMakeTmp/CheckSymbolExists.cxx: In function ‘int main(int, char**)’:
/home/sergiogq/hector_quadrotor_tutorial/build/CMakeFiles/CMakeTmp/CheckSymbolExists.cxx:8:19: error: ‘Q_WS_MAC’ was not declared in this scope
   return ((int*)(&Q_WS_MAC))[argc];
                   ^
make[1]: Leaving directory `/home/sergiogq/hector_quadrotor_tutorial/build/CMakeFiles/CMakeTmp'
make[1]: *** [CMakeFiles/cmTryCompileExec4092404813.dir/CheckSymbolExists.cxx.o] Error 1
make: *** [cmTryCompileExec4092404813/fast] Error 2

File /home/sergiogq/hector_quadrotor_tutorial/build/CMakeFiles/CMakeTmp/CheckSymbolExists.cxx:
/* */
#include <QtCore/qglobal.h>

int main(int argc, char** argv)
{
  (void)argv;
#ifndef Q_WS_MAC
  return ((int*)(&Q_WS_MAC))[argc];
#else
  (void)argc;
  return 0;
#endif
}

